<?xml version="1.0" encoding="UTF-8"?>
<testng-results skipped="4" failed="0" total="4" passed="0">
  <reporter-output>
  </reporter-output>
  <suite name="Command line suite" duration-ms="43" started-at="2018-02-02T16:37:38Z" finished-at="2018-02-02T16:37:38Z">
    <groups>
    </groups>
    <test name="Command line test" duration-ms="43" started-at="2018-02-02T16:37:38Z" finished-at="2018-02-02T16:37:38Z">
      <class name="com.nirakar.script.LoginPageTest">
        <test-method status="SKIP" signature="MoveToLoginPage()[pri:0, instance:com.nirakar.script.LoginPageTest@f6e879]" name="MoveToLoginPage" duration-ms="1" started-at="2018-02-02T22:07:38Z" finished-at="2018-02-02T22:07:38Z">
          <reporter-output>
          </reporter-output>
        </test-method> <!-- MoveToLoginPage -->
        <test-method status="SKIP" signature="OpenBrowser(java.lang.String)[pri:0, instance:com.nirakar.script.LoginPageTest@f6e879]" name="OpenBrowser" is-config="true" duration-ms="0" started-at="2018-02-02T22:07:38Z" finished-at="2018-02-02T22:07:38Z">
          <reporter-output>
          </reporter-output>
        </test-method> <!-- OpenBrowser -->
        <test-method status="SKIP" signature="test_Home_Page_Appear_Correct()[pri:0, instance:com.nirakar.script.LoginPageTest@f6e879]" name="test_Home_Page_Appear_Correct" duration-ms="0" started-at="2018-02-02T22:07:38Z" finished-at="2018-02-02T22:07:38Z">
          <reporter-output>
          </reporter-output>
        </test-method> <!-- test_Home_Page_Appear_Correct -->
        <test-method status="SKIP" signature="product_1_Details()[pri:0, instance:com.nirakar.script.LoginPageTest@f6e879]" name="product_1_Details" duration-ms="0" started-at="2018-02-02T22:07:38Z" finished-at="2018-02-02T22:07:38Z">
          <reporter-output>
          </reporter-output>
        </test-method> <!-- product_1_Details -->
        <test-method status="SKIP" signature="closeApplication()[pri:0, instance:com.nirakar.script.LoginPageTest@f6e879]" name="closeApplication" is-config="true" duration-ms="0" started-at="2018-02-02T22:07:38Z" finished-at="2018-02-02T22:07:38Z">
          <reporter-output>
          </reporter-output>
        </test-method> <!-- closeApplication -->
      </class> <!-- com.nirakar.script.LoginPageTest -->
      <class name="com.nirakar.script.DataDrivenLoginTest">
        <test-method status="FAIL" signature="OpenBrowser(java.lang.String)[pri:0, instance:com.nirakar.script.DataDrivenLoginTest@1975490]" name="OpenBrowser" is-config="true" duration-ms="0" started-at="2018-02-02T22:07:38Z" finished-at="2018-02-02T22:07:38Z">
          <exception class="org.testng.TestNGException">
            <message>
              <![CDATA[
Parameter 'browserValue' is required by @Configuration on method OpenBrowser but has not been marked @Optional or defined
]]>
            </message>
            <full-stacktrace>
              <![CDATA[org.testng.TestNGException: 
Parameter 'browserValue' is required by @Configuration on method OpenBrowser but has not been marked @Optional or defined

	at org.testng.internal.Parameters.createParameters(Parameters.java:155)
	at org.testng.internal.Parameters.createParameters(Parameters.java:355)
	at org.testng.internal.Parameters.createConfigurationParameters(Parameters.java:86)
	at org.testng.internal.Invoker.invokeConfigurations(Invoker.java:199)
	at org.testng.internal.Invoker.invokeConfigurations(Invoker.java:138)
	at org.testng.internal.TestMethodWorker.invokeBeforeClassMethods(TestMethodWorker.java:175)
	at org.testng.internal.TestMethodWorker.run(TestMethodWorker.java:107)
	at org.testng.TestRunner.privateRun(TestRunner.java:767)
	at org.testng.TestRunner.run(TestRunner.java:617)
	at org.testng.SuiteRunner.runTest(SuiteRunner.java:334)
	at org.testng.SuiteRunner.runSequentially(SuiteRunner.java:329)
	at org.testng.SuiteRunner.privateRun(SuiteRunner.java:291)
	at org.testng.SuiteRunner.run(SuiteRunner.java:240)
	at org.testng.SuiteRunnerWorker.runSuite(SuiteRunnerWorker.java:52)
	at org.testng.SuiteRunnerWorker.run(SuiteRunnerWorker.java:86)
	at org.testng.TestNG.runSuitesSequentially(TestNG.java:1198)
	at org.testng.TestNG.runSuitesLocally(TestNG.java:1123)
	at org.testng.TestNG.run(TestNG.java:1031)
	at org.apache.maven.surefire.testng.TestNGExecutor.run(TestNGExecutor.java:77)
	at org.apache.maven.surefire.testng.TestNGDirectoryTestSuite.executeMulti(TestNGDirectoryTestSuite.java:159)
	at org.apache.maven.surefire.testng.TestNGDirectoryTestSuite.execute(TestNGDirectoryTestSuite.java:99)
	at org.apache.maven.surefire.testng.TestNGProvider.invoke(TestNGProvider.java:106)
	at sun.reflect.NativeMethodAccessorImpl.invoke0(Native Method)
	at sun.reflect.NativeMethodAccessorImpl.invoke(NativeMethodAccessorImpl.java:62)
	at sun.reflect.DelegatingMethodAccessorImpl.invoke(DelegatingMethodAccessorImpl.java:43)
	at java.lang.reflect.Method.invoke(Method.java:498)
	at org.apache.maven.surefire.util.ReflectionUtils.invokeMethodWithArray(ReflectionUtils.java:189)
	at org.apache.maven.surefire.booter.ProviderFactory$ProviderProxy.invoke(ProviderFactory.java:165)
	at org.apache.maven.surefire.booter.ProviderFactory.invokeProvider(ProviderFactory.java:85)
	at org.apache.maven.surefire.booter.ForkedBooter.runSuitesInProcess(ForkedBooter.java:115)
	at org.apache.maven.surefire.booter.ForkedBooter.main(ForkedBooter.java:75)
]]>
            </full-stacktrace>
          </exception> <!-- org.testng.TestNGException -->
          <reporter-output>
          </reporter-output>
        </test-method> <!-- OpenBrowser -->
        <test-method status="SKIP" signature="dataDrivenloginTest()[pri:0, instance:com.nirakar.script.DataDrivenLoginTest@1975490]" name="dataDrivenloginTest" duration-ms="10" started-at="2018-02-02T22:07:38Z" finished-at="2018-02-02T22:07:38Z">
          <reporter-output>
          </reporter-output>
        </test-method> <!-- dataDrivenloginTest -->
        <test-method status="SKIP" signature="closeApplication()[pri:0, instance:com.nirakar.script.DataDrivenLoginTest@1975490]" name="closeApplication" is-config="true" duration-ms="0" started-at="2018-02-02T22:07:38Z" finished-at="2018-02-02T22:07:38Z">
          <reporter-output>
          </reporter-output>
        </test-method> <!-- closeApplication -->
      </class> <!-- com.nirakar.script.DataDrivenLoginTest -->
    </test> <!-- Command line test -->
  </suite> <!-- Command line suite -->
</testng-results>
