<?xml version="1.0" encoding="UTF-8"?>
<testng-results skipped="0" failed="0" total="1" passed="1">
  <reporter-output>
    <line>
      <![CDATA[=====Application Started=====]]>
    </line>
    <line>
      <![CDATA[=====Browser Session End=====]]>
    </line>
  </reporter-output>
  <suite name="Default suite" duration-ms="291840" started-at="2020-06-12T05:34:43Z" finished-at="2020-06-12T05:39:35Z">
    <groups>
    </groups>
    <test name="Default test" duration-ms="291840" started-at="2020-06-12T05:34:43Z" finished-at="2020-06-12T05:39:35Z">
      <class name="com.nirakar.script.LoginPageTest">
        <test-method status="PASS" signature="setup()[pri:0, instance:com.nirakar.script.LoginPageTest@1565ec2]" name="setup" is-config="true" duration-ms="35723" started-at="2020-06-12T11:04:43Z" finished-at="2020-06-12T11:05:19Z">
          <reporter-output>
            <line>
              <![CDATA[=====Application Started=====]]>
            </line>
          </reporter-output>
        </test-method> <!-- setup -->
        <test-method status="PASS" signature="MoveToLoginPage()[pri:0, instance:com.nirakar.script.LoginPageTest@1565ec2]" name="MoveToLoginPage" duration-ms="253942" started-at="2020-06-12T11:05:19Z" finished-at="2020-06-12T11:09:33Z">
          <reporter-output>
          </reporter-output>
        </test-method> <!-- MoveToLoginPage -->
        <test-method status="PASS" signature="tearDown()[pri:0, instance:com.nirakar.script.LoginPageTest@1565ec2]" name="tearDown" is-config="true" duration-ms="2089" started-at="2020-06-12T11:09:33Z" finished-at="2020-06-12T11:09:35Z">
          <reporter-output>
            <line>
              <![CDATA[=====Browser Session End=====]]>
            </line>
          </reporter-output>
        </test-method> <!-- tearDown -->
      </class> <!-- com.nirakar.script.LoginPageTest -->
    </test> <!-- Default test -->
  </suite> <!-- Default suite -->
</testng-results>
